<?xml version="1.0" encoding="UTF-8"?>
<testsuite xmlns:xsi="http://www.w3.org/2001/XMLSchema-instance" xsi:noNamespaceSchemaLocation="https://maven.apache.org/surefire/maven-failsafe-plugin/xsd/failsafe-test-report.xsd" name="de.hs.da.hskleinanzeigen.HsKleinanzeigenApplicationIT" time="12.873" tests="1" errors="0" skipped="0" failures="0">
  <properties>
[...]
</properties>
  <testcase name="contextLoads" classname="de.hs.da.hskleinanzeigen.HsKleinanzeigenApplicationIT" time="1.462"/>
</testsuite>